{
  "RSpec": {
    "coverage": {
      "/Users/student/Projects/weekly-challenges/Booking-Manager/spec/bookmark_unit_spec.rb": [
        1,
        1,
        null,
        1,
        null,
        1,
        1,
        1,
        null,
        1,
        null,
        1,
        null,
        1,
        1,
        1,
        1,
        1,
        null,
        null,
        null,
        1,
        1,
        1,
        null,
        1,
        null,
        1,
        1,
        1,
        1,
        null,
        null,
        null,
        1,
        1,
        1,
        1,
        1,
        null,
        null,
        null,
        1,
        1,
        1,
        1,
        null,
        1,
        1,
        1,
        1,
        null,
        null,
        null,
        1,
        1,
        1,
        1,
        null,
        1,
        1,
        1,
        1,
        null,
        null,
        null
      ],
      "/Users/student/Projects/weekly-challenges/Booking-Manager/spec/database_helpers.rb": [
        1,
        null,
        1,
        1,
        1,
        1,
        null
      ],
      "/Users/student/Projects/weekly-challenges/Booking-Manager/spec/database_connection_spec.rb": [
        1,
        null,
        1,
        1,
        1,
        1,
        null,
        1,
        null,
        null,
        null,
        1,
        1,
        1,
        null,
        1,
        null,
        null,
        null,
        1,
        1,
        1,
        1,
        null,
        1,
        null,
        null,
        null
      ],
      "/Users/student/Projects/weekly-challenges/Booking-Manager/spec/features/creating_bookmarks_spec.rb": [
        1,
        1,
        1,
        1,
        1,
        1,
        1,
        1,
        1,
        1,
        1,
        null,
        null
      ],
      "/Users/student/Projects/weekly-challenges/Booking-Manager/spec/features/delete_bookmark_spec.rb": [
        1,
        1,
        1,
        1,
        1,
        1,
        1,
        1,
        1,
        null,
        null
      ],
      "/Users/student/Projects/weekly-challenges/Booking-Manager/spec/features/index_spec.rb": [
        1,
        1,
        1,
        1,
        1,
        null,
        null
      ],
      "/Users/student/Projects/weekly-challenges/Booking-Manager/spec/features/update_bookmark_spec.rb": [
        1,
        1,
        1,
        1,
        1,
        1,
        1,
        1,
        1,
        1,
        1,
        1,
        null,
        null
      ],
      "/Users/student/Projects/weekly-challenges/Booking-Manager/spec/features/viewing_bookmarks_spec.rb": [
        1,
        1,
        1,
        null,
        1,
        1,
        null,
        null
      ]
    },
    "timestamp": 1558711527
  }
}
